ERROR: (T6AOQ) [2025-05-26 06:33:34] SQLSTATE[HY000] [1049] Unknown database 'photographer'
ERROR: (ARLGW) [2025-05-26 06:33:41] SQLSTATE[HY000] [1049] Unknown database 'photographer'
ERROR: (2P4YS) [2025-05-26 06:33:42] SQLSTATE[HY000] [1049] Unknown database 'photographer'
ERROR: (FBC87) [2025-05-26 06:33:43] SQLSTATE[HY000] [1049] Unknown database 'photographer'
ERROR: (H35QP) [2025-05-26 06:33:45] SQLSTATE[HY000] [1049] Unknown database 'photographer'
ERROR: (CF9MQ) [2025-05-26 06:33:46] SQLSTATE[HY000] [1049] Unknown database 'photographer'
ERROR: (RTQI2) [2025-05-26 06:33:47] SQLSTATE[HY000] [1049] Unknown database 'photographer'
ERROR: (YGVRB) [2025-05-26 06:33:48] SQLSTATE[HY000] [1049] Unknown database 'photographer'
ERROR: (EMB42) [2025-05-26 06:33:48] SQLSTATE[HY000] [1049] Unknown database 'photographer'
ERROR: (H9PGQ) [2025-05-26 06:33:48] SQLSTATE[HY000] [1049] Unknown database 'photographer'
ERROR: (ZIP3Y) [2025-05-26 06:33:50] SQLSTATE[HY000] [1049] Unknown database 'photographer'
ERROR: (PWIFZ) [2025-05-26 06:33:50] SQLSTATE[HY000] [1049] Unknown database 'photographer'
ERROR: (AS1ON) [2025-05-26 06:33:51] SQLSTATE[HY000] [1049] Unknown database 'photographer'
ERROR: (A3MHC) [2025-05-26 06:33:51] SQLSTATE[HY000] [1049] Unknown database 'photographer'
ERROR: (IHU6V) [2025-05-26 06:33:51] SQLSTATE[HY000] [1049] Unknown database 'photographer'
ERROR: (OLDA7) [2025-05-26 06:33:51] SQLSTATE[HY000] [1049] Unknown database 'photographer'
ERROR: (YCP6G) [2025-05-26 06:33:57] SQLSTATE[HY000] [1049] Unknown database 'photographer'
ERROR: (M16P3) [2025-05-26 06:33:57] SQLSTATE[HY000] [1049] Unknown database 'photographer'
ERROR: (JOIRX) [2025-05-26 06:33:58] SQLSTATE[HY000] [1049] Unknown database 'photographer'
ERROR: (B9RF1) [2025-05-26 06:33:58] SQLSTATE[HY000] [1049] Unknown database 'photographer'
ERROR: (ZBY5U) [2025-05-26 06:33:58] SQLSTATE[HY000] [1049] Unknown database 'photographer'
ERROR: (O6QYP) [2025-05-26 06:33:58] SQLSTATE[HY000] [1049] Unknown database 'photographer'
ERROR: (UBXOE) [2025-05-26 06:33:59] SQLSTATE[HY000] [1049] Unknown database 'photographer'
ERROR: (5JO42) [2025-05-26 06:33:59] SQLSTATE[HY000] [1049] Unknown database 'photographer'
ERROR: (46PYX) [2025-05-26 06:33:59] SQLSTATE[HY000] [1049] Unknown database 'photographer'
ERROR: (8AB4F) [2025-05-26 06:33:59] SQLSTATE[HY000] [1049] Unknown database 'photographer'
ERROR: (WEXK8) [2025-05-26 06:33:59] SQLSTATE[HY000] [1049] Unknown database 'photographer'
ERROR: (5EDJU) [2025-05-26 06:33:59] SQLSTATE[HY000] [1049] Unknown database 'photographer'
ERROR: (MV2OR) [2025-05-26 06:34:00] SQLSTATE[HY000] [1049] Unknown database 'photographer'
ERROR: (ZGP2F) [2025-05-26 06:34:00] SQLSTATE[HY000] [1049] Unknown database 'photographer'
ERROR: (JYFGM) [2025-05-26 06:34:00] SQLSTATE[HY000] [1049] Unknown database 'photographer'
ERROR: (LFHSA) [2025-05-26 06:34:00] SQLSTATE[HY000] [1049] Unknown database 'photographer'
ERROR: (VUC7M) [2025-05-26 06:34:01] SQLSTATE[HY000] [1049] Unknown database 'photographer'
ERROR: (KBZEM) [2025-05-26 06:34:01] SQLSTATE[HY000] [1049] Unknown database 'photographer'
ERROR: (VUSEI) [2025-05-26 06:34:01] SQLSTATE[HY000] [1049] Unknown database 'photographer'
ERROR: (58VW1) [2025-05-26 06:34:01] SQLSTATE[HY000] [1049] Unknown database 'photographer'
ERROR: (TNZJS) [2025-05-26 06:34:31] SQLSTATE[HY000] [1049] Unknown database 'photographer'
ERROR: (IABMC) [2025-05-26 06:34:33] SQLSTATE[HY000] [1049] Unknown database 'photographer'
ERROR: (N2VCO) [2025-05-26 06:34:34] SQLSTATE[HY000] [1049] Unknown database 'photographer'
ERROR: (O89S6) [2025-05-26 06:34:35] SQLSTATE[HY000] [1049] Unknown database 'photographer'
ERROR: (QLY8E) [2025-05-26 06:34:35] SQLSTATE[HY000] [1049] Unknown database 'photographer'
ERROR: (JS6IT) [2025-05-26 06:34:35] SQLSTATE[HY000] [1049] Unknown database 'photographer'
ERROR: (AL2H3) [2025-05-26 06:34:57] SQLSTATE[HY000] [1049] Unknown database 'photographer'
ERROR: (9C4NX) [2025-05-26 07:28:55] (ERROR) SQLSTATE[42S02]: Base table or view not found: 1146 Table 'photographer.photographers' doesn't exist
ERROR: (S4VZT) [2025-05-26 07:28:56] (ERROR) SQLSTATE[42S02]: Base table or view not found: 1146 Table 'photographer.photographers' doesn't exist
ERROR: (L9MOI) [2025-05-26 07:28:57] (ERROR) SQLSTATE[42S02]: Base table or view not found: 1146 Table 'photographer.photographers' doesn't exist
ERROR: (GTEOU) [2025-05-26 07:28:58] (ERROR) SQLSTATE[42S02]: Base table or view not found: 1146 Table 'photographer.photographers' doesn't exist
ERROR: (POINZ) [2025-05-26 07:28:58] (ERROR) SQLSTATE[42S02]: Base table or view not found: 1146 Table 'photographer.photographers' doesn't exist
ERROR: (9ZFB5) [2025-05-26 07:28:58] (ERROR) SQLSTATE[42S02]: Base table or view not found: 1146 Table 'photographer.photographers' doesn't exist
ERROR: (R6QKD) [2025-05-26 07:28:58] (ERROR) SQLSTATE[42S02]: Base table or view not found: 1146 Table 'photographer.photographers' doesn't exist
ERROR: (FUYD9) [2025-05-26 07:28:59] (ERROR) SQLSTATE[42S02]: Base table or view not found: 1146 Table 'photographer.photographers' doesn't exist
ERROR: (C4IN7) [2025-05-26 07:29:00] (ERROR) SQLSTATE[42S02]: Base table or view not found: 1146 Table 'photographer.photographers' doesn't exist
ERROR: (43CHQ) [2025-05-26 07:29:00] (ERROR) SQLSTATE[42S02]: Base table or view not found: 1146 Table 'photographer.photographers' doesn't exist
ERROR: (XJ6KE) [2025-05-26 07:29:01] (ERROR) SQLSTATE[42S02]: Base table or view not found: 1146 Table 'photographer.photographers' doesn't exist
